Start testing: Nov 09 17:57 UTC
----------------------------------------------------------
1/3 Testing: string_test
1/3 Test: string_test
Command: "/home/runner/work/libcanon/libcanon/build-test/test/string_test"
Directory: /home/runner/work/libcanon/libcanon/build-test/test
"string_test" start time: Nov 09 17:57 UTC
Output:
----------------------------------------------------------
Running main() from gtest_main.cc
[==========] Running 8 tests from 1 test case.
[----------] Global test environment set-up.
[----------] 8 tests from Test_S3
[ RUN      ] Test_S3.has_basic_perm_methods
[       OK ] Test_S3.has_basic_perm_methods (0 ms)
[ RUN      ] Test_S3.can_be_inverted
[       OK ] Test_S3.can_be_inverted (0 ms)
[ RUN      ] Test_S3.can_be_multiplied
[       OK ] Test_S3.can_be_multiplied (0 ms)
[ RUN      ] Test_S3.can_be_chained
[       OK ] Test_S3.can_be_chained (0 ms)
[ RUN      ] Test_S3.can_be_formed_into_sims_system
[       OK ] Test_S3.can_be_formed_into_sims_system (0 ms)
[ RUN      ] Test_S3.can_be_adapted_to_another_subgroup_chain
[       OK ] Test_S3.can_be_adapted_to_another_subgroup_chain (0 ms)
[ RUN      ] Test_S3.canonicalizes_non_symmetric_string
[       OK ] Test_S3.canonicalizes_non_symmetric_string (0 ms)
[ RUN      ] Test_S3.canonicalizes_symmetric_string
[       OK ] Test_S3.canonicalizes_symmetric_string (0 ms)
[----------] 8 tests from Test_S3 (0 ms total)

[----------] Global test environment tear-down
[==========] 8 tests from 1 test case ran. (0 ms total)
[  PASSED  ] 8 tests.
<end of output>
Test time =   0.00 sec
----------------------------------------------------------
Test Passed.
"string_test" end time: Nov 09 17:57 UTC
"string_test" time elapsed: 00:00:00
----------------------------------------------------------

2/3 Testing: partition_test
2/3 Test: partition_test
Command: "/home/runner/work/libcanon/libcanon/build-test/test/partition_test"
Directory: /home/runner/work/libcanon/libcanon/build-test/test
"partition_test" start time: Nov 09 17:57 UTC
Output:
----------------------------------------------------------
Running main() from gtest_main.cc
[==========] Running 3 tests from 1 test case.
[----------] Global test environment set-up.
[----------] 3 tests from Test_partition
[ RUN      ] Test_partition.can_be_trivially_constructed
[       OK ] Test_partition.can_be_trivially_constructed (0 ms)
[ RUN      ] Test_partition.can_be_refined
[       OK ] Test_partition.can_be_refined (0 ms)
[ RUN      ] Test_partition.can_be_individualized
[       OK ] Test_partition.can_be_individualized (0 ms)
[----------] 3 tests from Test_partition (0 ms total)

[----------] Global test environment tear-down
[==========] 3 tests from 1 test case ran. (0 ms total)
[  PASSED  ] 3 tests.
<end of output>
Test time =   0.00 sec
----------------------------------------------------------
Test Passed.
"partition_test" end time: Nov 09 17:57 UTC
"partition_test" time elapsed: 00:00:00
----------------------------------------------------------

3/3 Testing: eldag_test
3/3 Test: eldag_test
Command: "/home/runner/work/libcanon/libcanon/build-test/test/eldag_test"
Directory: /home/runner/work/libcanon/libcanon/build-test/test
"eldag_test" start time: Nov 09 17:57 UTC
Output:
----------------------------------------------------------
Running main() from gtest_main.cc
[==========] Running 6 tests from 6 test cases.
[----------] Global test environment set-up.
[----------] 1 test from Test_triangle_graph
[ RUN      ] Test_triangle_graph.can_be_canonicalized
[       OK ] Test_triangle_graph.can_be_canonicalized (0 ms)
[----------] 1 test from Test_triangle_graph (0 ms total)

[----------] 1 test from Test_non_symm_star_graph
[ RUN      ] Test_non_symm_star_graph.can_be_canonicalized
[       OK ] Test_non_symm_star_graph.can_be_canonicalized (1 ms)
[----------] 1 test from Test_non_symm_star_graph (1 ms total)

[----------] 1 test from Test_symm_star_graph
[ RUN      ] Test_symm_star_graph.can_be_canonicalized
[       OK ] Test_symm_star_graph.can_be_canonicalized (2 ms)
[----------] 1 test from Test_symm_star_graph (2 ms total)

[----------] 1 test from Test_trace_eldag
[ RUN      ] Test_trace_eldag.can_be_canonicalized
[       OK ] Test_trace_eldag.can_be_canonicalized (4 ms)
[----------] 1 test from Test_trace_eldag (4 ms total)

[----------] 1 test from Test_exchange_eldag
[ RUN      ] Test_exchange_eldag.can_be_canonicalized
[       OK ] Test_exchange_eldag.can_be_canonicalized (2 ms)
[----------] 1 test from Test_exchange_eldag (2 ms total)

[----------] 1 test from Test_ccsd_langr
[ RUN      ] Test_ccsd_langr.can_be_canonicalized
[       OK ] Test_ccsd_langr.can_be_canonicalized (0 ms)
[----------] 1 test from Test_ccsd_langr (0 ms total)

[----------] Global test environment tear-down
[==========] 6 tests from 6 test cases ran. (9 ms total)
[  PASSED  ] 6 tests.
<end of output>
Test time =   0.01 sec
----------------------------------------------------------
Test Passed.
"eldag_test" end time: Nov 09 17:57 UTC
"eldag_test" time elapsed: 00:00:00
----------------------------------------------------------

End testing: Nov 09 17:57 UTC
